# JRE version: OpenJDK Runtime Environment (15.0.2+7) (build 15.0.2+7-27)
# Java VM: OpenJDK 64-Bit Server VM (15.0.2+7-27, mixed mode, tiered, compressed oops, g1 gc, windows-amd64)
GC Precious Log:
 CPUs: 2 total, 2 available
 Memory: 12287M
 Large Page Support: Disabled
 NUMA Support: Disabled
 Compressed Oops: Enabled (Zero based)
 Heap Region Size: 2M
 Heap Min Capacity: 8M
 Heap Initial Capacity: 192M
 Heap Max Capacity: 3G
 Pre-touch: Disabled
 Parallel Workers: 2
 Concurrent Workers: 1
 Concurrent Refinement Workers: 2
 Periodic GC: Disabled
Heap:
 garbage-first heap   total 595968K, used 75776K [0x0000000740000000, 0x0000000800000000)
  region size 2048K, 3 young (6144K), 3 survivors (6144K)
 Metaspace       used 10851K, capacity 11038K, committed 11264K, reserved 1058816K
  class space    used 939K, capacity 975K, committed 1024K, reserved 1048576K
GC Heap History (17 events):
Event: 0.620 GC heap before
{Heap before GC invocations=0 (full 0):
 garbage-first heap   total 196608K, used 8192K [0x0000000740000000, 0x0000000800000000)
  region size 2048K, 4 young (8192K), 0 survivors (0K)
 Metaspace       used 9253K, capacity 9435K, committed 9600K, reserved 1058816K
  class space    used 812K, capacity 861K, committed 896K, reserved 1048576K
}
Event: 0.632 GC heap after
{Heap after GC invocations=1 (full 0):
 garbage-first heap   total 196608K, used 1498K [0x0000000740000000, 0x0000000800000000)
  region size 2048K, 1 young (2048K), 1 survivors (2048K)
 Metaspace       used 9253K, capacity 9435K, committed 9600K, reserved 1058816K
  class space    used 812K, capacity 861K, committed 896K, reserved 1048576K
}
Event: 0.897 GC heap before
{Heap before GC invocations=1 (full 0):
 garbage-first heap   total 196608K, used 7642K [0x0000000740000000, 0x0000000800000000)
  region size 2048K, 4 young (8192K), 1 survivors (2048K)
 Metaspace       used 10743K, capacity 10910K, committed 11008K, reserved 1058816K
  class space    used 937K, capacity 975K, committed 1024K, reserved 1048576K
}
Event: 0.903 GC heap after
{Heap after GC invocations=2 (full 0):
 garbage-first heap   total 196608K, used 3081K [0x0000000740000000, 0x0000000800000000)
  region size 2048K, 1 young (2048K), 1 survivors (2048K)
 Metaspace       used 10743K, capacity 10910K, committed 11008K, reserved 1058816K
  class space    used 937K, capacity 975K, committed 1024K, reserved 1048576K
}
Event: 1.103 GC heap before
{Heap before GC invocations=2 (full 0):
 garbage-first heap   total 196608K, used 15369K [0x0000000740000000, 0x0000000800000000)
  region size 2048K, 7 young (14336K), 1 survivors (2048K)
 Metaspace       used 10825K, capacity 11038K, committed 11264K, reserved 1058816K
  class space    used 938K, capacity 975K, committed 1024K, reserved 1048576K
}
Event: 1.112 GC heap after
{Heap after GC invocations=3 (full 0):
 garbage-first heap   total 196608K, used 5656K [0x0000000740000000, 0x0000000800000000)
  region size 2048K, 1 young (2048K), 1 survivors (2048K)
 Metaspace       used 10825K, capacity 11038K, committed 11264K, reserved 1058816K
  class space    used 938K, capacity 975K, committed 1024K, reserved 1048576K
}
Event: 1.227 GC heap before
{Heap before GC invocations=3 (full 0):
 garbage-first heap   total 196608K, used 28184K [0x0000000740000000, 0x0000000800000000)
  region size 2048K, 12 young (24576K), 1 survivors (2048K)
 Metaspace       used 10836K, capacity 11038K, committed 11264K, reserved 1058816K
  class space    used 938K, capacity 975K, committed 1024K, reserved 1048576K
}
Event: 1.247 GC heap after
{Heap after GC invocations=4 (full 0):
 garbage-first heap   total 196608K, used 13704K [0x0000000740000000, 0x0000000800000000)
  region size 2048K, 2 young (4096K), 2 survivors (4096K)
 Metaspace       used 10836K, capacity 11038K, committed 11264K, reserved 1058816K
  class space    used 938K, capacity 975K, committed 1024K, reserved 1048576K
}
Event: 1.319 GC heap before
{Heap before GC invocations=4 (full 0):
 garbage-first heap   total 196608K, used 34184K [0x0000000740000000, 0x0000000800000000)
  region size 2048K, 12 young (24576K), 2 survivors (4096K)
 Metaspace       used 10849K, capacity 11038K, committed 11264K, reserved 1058816K
  class space    used 938K, capacity 975K, committed 1024K, reserved 1048576K
}
Event: 1.341 GC heap after
{Heap after GC invocations=5 (full 0):
 garbage-first heap   total 280576K, used 22388K [0x0000000740000000, 0x0000000800000000)
  region size 2048K, 2 young (4096K), 2 survivors (4096K)
 Metaspace       used 10849K, capacity 11038K, committed 11264K, reserved 1058816K
  class space    used 938K, capacity 975K, committed 1024K, reserved 1048576K
}
Event: 1.461 GC heap before
{Heap before GC invocations=5 (full 0):
 garbage-first heap   total 280576K, used 44916K [0x0000000740000000, 0x0000000800000000)
  region size 2048K, 13 young (26624K), 2 survivors (4096K)
 Metaspace       used 10850K, capacity 11038K, committed 11264K, reserved 1058816K
  class space    used 938K, capacity 975K, committed 1024K, reserved 1048576K
}
Event: 1.482 GC heap after
{Heap after GC invocations=6 (full 0):
 garbage-first heap   total 280576K, used 28672K [0x0000000740000000, 0x0000000800000000)
  region size 2048K, 2 young (4096K), 2 survivors (4096K)
 Metaspace       used 10850K, capacity 11038K, committed 11264K, reserved 1058816K
  class space    used 938K, capacity 975K, committed 1024K, reserved 1048576K
}
Event: 1.588 GC heap before
{Heap before GC invocations=6 (full 0):
 garbage-first heap   total 280576K, used 59392K [0x0000000740000000, 0x0000000800000000)
  region size 2048K, 17 young (34816K), 2 survivors (4096K)
 Metaspace       used 10850K, capacity 11038K, committed 11264K, reserved 1058816K
  class space    used 938K, capacity 975K, committed 1024K, reserved 1048576K
}
Event: 1.621 GC heap after
{Heap after GC invocations=7 (full 0):
 garbage-first heap   total 280576K, used 41606K [0x0000000740000000, 0x0000000800000000)
  region size 2048K, 3 young (6144K), 3 survivors (6144K)
 Metaspace       used 10850K, capacity 11038K, committed 11264K, reserved 1058816K
  class space    used 938K, capacity 975K, committed 1024K, reserved 1048576K
}
Event: 1.714 GC heap before
{Heap before GC invocations=7 (full 0):
 garbage-first heap   total 280576K, used 76422K [0x0000000740000000, 0x0000000800000000)
  region size 2048K, 20 young (40960K), 3 survivors (6144K)
 Metaspace       used 10851K, capacity 11038K, committed 11264K, reserved 1058816K
  class space    used 939K, capacity 975K, committed 1024K, reserved 1048576K
}
Event: 1.759 GC heap after
{Heap after GC invocations=8 (full 0):
 garbage-first heap   total 280576K, used 57186K [0x0000000740000000, 0x0000000800000000)
  region size 2048K, 3 young (6144K), 3 survivors (6144K)
 Metaspace       used 10851K, capacity 11038K, committed 11264K, reserved 1058816K
  class space    used 939K, capacity 975K, committed 1024K, reserved 1048576K
}
Event: 1.870 GC heap before
{Heap before GC invocations=8 (full 0):
 garbage-first heap   total 280576K, used 100194K [0x0000000740000000, 0x0000000800000000)
  region size 2048K, 24 young (49152K), 3 survivors (6144K)
 Metaspace       used 10851K, capacity 11038K, committed 11264K, reserved 1058816K
  class space    used 939K, capacity 975K, committed 1024K, reserved 1048576K
}

