# JRE version: OpenJDK Runtime Environment (15.0.2+7) (build 15.0.2+7-27)
# Java VM: OpenJDK 64-Bit Server VM (15.0.2+7-27, mixed mode, tiered, compressed oops, g1 gc, windows-amd64)
GC Precious Log:
 CPUs: 2 total, 2 available
 Memory: 12287M
 Large Page Support: Disabled
 NUMA Support: Disabled
 Compressed Oops: Enabled (Zero based)
 Heap Region Size: 2M
 Heap Min Capacity: 8M
 Heap Initial Capacity: 192M
 Heap Max Capacity: 3G
 Pre-touch: Disabled
 Parallel Workers: 2
 Concurrent Workers: 1
 Concurrent Refinement Workers: 2
 Periodic GC: Disabled
Heap:
 garbage-first heap   total 483328K, used 67584K [0x0000000740000000, 0x0000000800000000)
  region size 2048K, 4 young (8192K), 4 survivors (8192K)
 Metaspace       used 11516K, capacity 11684K, committed 11904K, reserved 1060864K
  class space    used 996K, capacity 1040K, committed 1152K, reserved 1048576K
GC Heap History (17 events):
Event: 0.692 GC heap before
{Heap before GC invocations=0 (full 0):
 garbage-first heap   total 196608K, used 8192K [0x0000000740000000, 0x0000000800000000)
  region size 2048K, 4 young (8192K), 0 survivors (0K)
 Metaspace       used 9258K, capacity 9435K, committed 9600K, reserved 1058816K
  class space    used 812K, capacity 861K, committed 896K, reserved 1048576K
}
Event: 0.696 GC heap after
{Heap after GC invocations=1 (full 0):
 garbage-first heap   total 196608K, used 1509K [0x0000000740000000, 0x0000000800000000)
  region size 2048K, 1 young (2048K), 1 survivors (2048K)
 Metaspace       used 9258K, capacity 9435K, committed 9600K, reserved 1058816K
  class space    used 812K, capacity 861K, committed 896K, reserved 1048576K
}
Event: 0.891 GC heap before
{Heap before GC invocations=1 (full 0):
 garbage-first heap   total 196608K, used 7653K [0x0000000740000000, 0x0000000800000000)
  region size 2048K, 4 young (8192K), 1 survivors (2048K)
 Metaspace       used 10708K, capacity 10916K, committed 11008K, reserved 1058816K
  class space    used 938K, capacity 976K, committed 1024K, reserved 1048576K
}
Event: 0.897 GC heap after
{Heap after GC invocations=2 (full 0):
 garbage-first heap   total 196608K, used 3286K [0x0000000740000000, 0x0000000800000000)
  region size 2048K, 1 young (2048K), 1 survivors (2048K)
 Metaspace       used 10708K, capacity 10916K, committed 11008K, reserved 1058816K
  class space    used 938K, capacity 976K, committed 1024K, reserved 1048576K
}
Event: 1.040 GC heap before
{Heap before GC invocations=2 (full 0):
 garbage-first heap   total 196608K, used 13526K [0x0000000740000000, 0x0000000800000000)
  region size 2048K, 6 young (12288K), 1 survivors (2048K)
 Metaspace       used 10799K, capacity 10980K, committed 11264K, reserved 1058816K
  class space    used 939K, capacity 976K, committed 1024K, reserved 1048576K
}
Event: 1.048 GC heap after
{Heap after GC invocations=3 (full 0):
 garbage-first heap   total 196608K, used 6058K [0x0000000740000000, 0x0000000800000000)
  region size 2048K, 1 young (2048K), 1 survivors (2048K)
 Metaspace       used 10799K, capacity 10980K, committed 11264K, reserved 1058816K
  class space    used 939K, capacity 976K, committed 1024K, reserved 1048576K
}
Event: 1.178 GC heap before
{Heap before GC invocations=3 (full 0):
 garbage-first heap   total 196608K, used 18346K [0x0000000740000000, 0x0000000800000000)
  region size 2048K, 7 young (14336K), 1 survivors (2048K)
 Metaspace       used 10827K, capacity 11044K, committed 11264K, reserved 1058816K
  class space    used 939K, capacity 976K, committed 1024K, reserved 1048576K
}
Event: 1.190 GC heap after
{Heap after GC invocations=4 (full 0):
 garbage-first heap   total 196608K, used 10653K [0x0000000740000000, 0x0000000800000000)
  region size 2048K, 1 young (2048K), 1 survivors (2048K)
 Metaspace       used 10827K, capacity 11044K, committed 11264K, reserved 1058816K
  class space    used 939K, capacity 976K, committed 1024K, reserved 1048576K
}
Event: 1.314 GC heap before
{Heap before GC invocations=4 (full 0):
 garbage-first heap   total 196608K, used 41373K [0x0000000740000000, 0x0000000800000000)
  region size 2048K, 16 young (32768K), 1 survivors (2048K)
 Metaspace       used 10841K, capacity 11044K, committed 11264K, reserved 1058816K
  class space    used 939K, capacity 976K, committed 1024K, reserved 1048576K
}
Event: 1.330 GC heap after
{Heap after GC invocations=5 (full 0):
 garbage-first heap   total 241664K, used 18803K [0x0000000740000000, 0x0000000800000000)
  region size 2048K, 2 young (4096K), 2 survivors (4096K)
 Metaspace       used 10841K, capacity 11044K, committed 11264K, reserved 1058816K
  class space    used 939K, capacity 976K, committed 1024K, reserved 1048576K
}
Event: 1.603 GC heap before
{Heap before GC invocations=5 (full 0):
 garbage-first heap   total 241664K, used 51571K [0x0000000740000000, 0x0000000800000000)
  region size 2048K, 18 young (36864K), 2 survivors (4096K)
 Metaspace       used 10868K, capacity 11044K, committed 11264K, reserved 1058816K
  class space    used 940K, capacity 976K, committed 1024K, reserved 1048576K
}
Event: 1.630 GC heap after
{Heap after GC invocations=6 (full 0):
 garbage-first heap   total 241664K, used 28672K [0x0000000740000000, 0x0000000800000000)
  region size 2048K, 3 young (6144K), 3 survivors (6144K)
 Metaspace       used 10868K, capacity 11044K, committed 11264K, reserved 1058816K
  class space    used 940K, capacity 976K, committed 1024K, reserved 1048576K
}
Event: 1.863 GC heap before
{Heap before GC invocations=6 (full 0):
 garbage-first heap   total 241664K, used 67584K [0x0000000740000000, 0x0000000800000000)
  region size 2048K, 22 young (45056K), 3 survivors (6144K)
 Metaspace       used 10870K, capacity 11044K, committed 11264K, reserved 1058816K
  class space    used 940K, capacity 976K, committed 1024K, reserved 1048576K
}
Event: 1.886 GC heap after
{Heap after GC invocations=7 (full 0):
 garbage-first heap   total 241664K, used 39562K [0x0000000740000000, 0x0000000800000000)
  region size 2048K, 3 young (6144K), 3 survivors (6144K)
 Metaspace       used 10870K, capacity 11044K, committed 11264K, reserved 1058816K
  class space    used 940K, capacity 976K, committed 1024K, reserved 1048576K
}
Event: 2.157 GC heap before
{Heap before GC invocations=7 (full 0):
 garbage-first heap   total 241664K, used 80522K [0x0000000740000000, 0x0000000800000000)
  region size 2048K, 23 young (47104K), 3 survivors (6144K)
 Metaspace       used 10870K, capacity 11044K, committed 11264K, reserved 1058816K
  class space    used 940K, capacity 976K, committed 1024K, reserved 1048576K
}
Event: 2.180 GC heap after
{Heap after GC invocations=8 (full 0):
 garbage-first heap   total 241664K, used 51066K [0x0000000740000000, 0x0000000800000000)
  region size 2048K, 3 young (6144K), 3 survivors (6144K)
 Metaspace       used 10870K, capacity 11044K, committed 11264K, reserved 1058816K
  class space    used 940K, capacity 976K, committed 1024K, reserved 1048576K
}
Event: 2.461 GC heap before
{Heap before GC invocations=8 (full 0):
 garbage-first heap   total 241664K, used 104314K [0x0000000740000000, 0x0000000800000000)
  region size 2048K, 29 young (59392K), 3 survivors (6144K)
 Metaspace       used 11516K, capacity 11684K, committed 11904K, reserved 1060864K
  class space    used 996K, capacity 1040K, committed 1152K, reserved 1048576K
}

