# JRE version: OpenJDK Runtime Environment (15.0.2+7) (build 15.0.2+7-27)
# Java VM: OpenJDK 64-Bit Server VM (15.0.2+7-27, mixed mode, tiered, compressed oops, g1 gc, windows-amd64)
GC Precious Log:
 CPUs: 2 total, 2 available
 Memory: 12287M
 Large Page Support: Disabled
 NUMA Support: Disabled
 Compressed Oops: Enabled (Zero based)
 Heap Region Size: 2M
 Heap Min Capacity: 8M
 Heap Initial Capacity: 192M
 Heap Max Capacity: 3G
 Pre-touch: Disabled
 Parallel Workers: 2
 Concurrent Workers: 1
 Concurrent Refinement Workers: 2
 Periodic GC: Disabled
Heap:
 garbage-first heap   total 616448K, used 70656K [0x0000000740000000, 0x0000000800000000)
  region size 2048K, 3 young (6144K), 3 survivors (6144K)
 Metaspace       used 10854K, capacity 11044K, committed 11264K, reserved 1058816K
  class space    used 940K, capacity 976K, committed 1024K, reserved 1048576K
GC Heap History (17 events):
Event: 0.830 GC heap before
{Heap before GC invocations=0 (full 0):
 garbage-first heap   total 196608K, used 8192K [0x0000000740000000, 0x0000000800000000)
  region size 2048K, 4 young (8192K), 0 survivors (0K)
 Metaspace       used 9258K, capacity 9435K, committed 9600K, reserved 1058816K
  class space    used 812K, capacity 861K, committed 896K, reserved 1048576K
}
Event: 0.847 GC heap after
{Heap after GC invocations=1 (full 0):
 garbage-first heap   total 196608K, used 1497K [0x0000000740000000, 0x0000000800000000)
  region size 2048K, 1 young (2048K), 1 survivors (2048K)
 Metaspace       used 9258K, capacity 9435K, committed 9600K, reserved 1058816K
  class space    used 812K, capacity 861K, committed 896K, reserved 1048576K
}
Event: 1.067 GC heap before
{Heap before GC invocations=1 (full 0):
 garbage-first heap   total 196608K, used 7641K [0x0000000740000000, 0x0000000800000000)
  region size 2048K, 4 young (8192K), 1 survivors (2048K)
 Metaspace       used 10767K, capacity 10980K, committed 11264K, reserved 1058816K
  class space    used 939K, capacity 976K, committed 1024K, reserved 1048576K
}
Event: 1.072 GC heap after
{Heap after GC invocations=2 (full 0):
 garbage-first heap   total 196608K, used 3373K [0x0000000740000000, 0x0000000800000000)
  region size 2048K, 1 young (2048K), 1 survivors (2048K)
 Metaspace       used 10767K, capacity 10980K, committed 11264K, reserved 1058816K
  class space    used 939K, capacity 976K, committed 1024K, reserved 1048576K
}
Event: 1.201 GC heap before
{Heap before GC invocations=2 (full 0):
 garbage-first heap   total 196608K, used 13613K [0x0000000740000000, 0x0000000800000000)
  region size 2048K, 6 young (12288K), 1 survivors (2048K)
 Metaspace       used 10806K, capacity 10980K, committed 11264K, reserved 1058816K
  class space    used 939K, capacity 976K, committed 1024K, reserved 1048576K
}
Event: 1.209 GC heap after
{Heap after GC invocations=3 (full 0):
 garbage-first heap   total 196608K, used 6638K [0x0000000740000000, 0x0000000800000000)
  region size 2048K, 1 young (2048K), 1 survivors (2048K)
 Metaspace       used 10806K, capacity 10980K, committed 11264K, reserved 1058816K
  class space    used 939K, capacity 976K, committed 1024K, reserved 1048576K
}
Event: 1.342 GC heap before
{Heap before GC invocations=3 (full 0):
 garbage-first heap   total 196608K, used 31214K [0x0000000740000000, 0x0000000800000000)
  region size 2048K, 13 young (26624K), 1 survivors (2048K)
 Metaspace       used 10844K, capacity 11044K, committed 11264K, reserved 1058816K
  class space    used 939K, capacity 976K, committed 1024K, reserved 1048576K
}
Event: 1.362 GC heap after
{Heap after GC invocations=4 (full 0):
 garbage-first heap   total 196608K, used 16384K [0x0000000740000000, 0x0000000800000000)
  region size 2048K, 2 young (4096K), 2 survivors (4096K)
 Metaspace       used 10844K, capacity 11044K, committed 11264K, reserved 1058816K
  class space    used 939K, capacity 976K, committed 1024K, reserved 1048576K
}
Event: 1.420 GC heap before
{Heap before GC invocations=4 (full 0):
 garbage-first heap   total 196608K, used 32768K [0x0000000740000000, 0x0000000800000000)
  region size 2048K, 10 young (20480K), 2 survivors (4096K)
 Metaspace       used 10844K, capacity 11044K, committed 11264K, reserved 1058816K
  class space    used 939K, capacity 976K, committed 1024K, reserved 1048576K
}
Event: 1.433 GC heap after
{Heap after GC invocations=5 (full 0):
 garbage-first heap   total 296960K, used 21111K [0x0000000740000000, 0x0000000800000000)
  region size 2048K, 2 young (4096K), 2 survivors (4096K)
 Metaspace       used 10844K, capacity 11044K, committed 11264K, reserved 1058816K
  class space    used 939K, capacity 976K, committed 1024K, reserved 1048576K
}
Event: 1.516 GC heap before
{Heap before GC invocations=5 (full 0):
 garbage-first heap   total 296960K, used 45687K [0x0000000740000000, 0x0000000800000000)
  region size 2048K, 14 young (28672K), 2 survivors (4096K)
 Metaspace       used 10845K, capacity 11044K, committed 11264K, reserved 1058816K
  class space    used 939K, capacity 976K, committed 1024K, reserved 1048576K
}
Event: 1.541 GC heap after
{Heap after GC invocations=6 (full 0):
 garbage-first heap   total 296960K, used 31208K [0x0000000740000000, 0x0000000800000000)
  region size 2048K, 2 young (4096K), 2 survivors (4096K)
 Metaspace       used 10845K, capacity 11044K, committed 11264K, reserved 1058816K
  class space    used 939K, capacity 976K, committed 1024K, reserved 1048576K
}
Event: 1.658 GC heap before
{Heap before GC invocations=6 (full 0):
 garbage-first heap   total 296960K, used 66024K [0x0000000740000000, 0x0000000800000000)
  region size 2048K, 19 young (38912K), 2 survivors (4096K)
 Metaspace       used 10845K, capacity 11044K, committed 11264K, reserved 1058816K
  class space    used 939K, capacity 976K, committed 1024K, reserved 1048576K
}
Event: 1.687 GC heap after
{Heap after GC invocations=7 (full 0):
 garbage-first heap   total 296960K, used 44702K [0x0000000740000000, 0x0000000800000000)
  region size 2048K, 3 young (6144K), 3 survivors (6144K)
 Metaspace       used 10845K, capacity 11044K, committed 11264K, reserved 1058816K
  class space    used 939K, capacity 976K, committed 1024K, reserved 1048576K
}
Event: 1.800 GC heap before
{Heap before GC invocations=7 (full 0):
 garbage-first heap   total 296960K, used 83614K [0x0000000740000000, 0x0000000800000000)
  region size 2048K, 22 young (45056K), 3 survivors (6144K)
 Metaspace       used 10847K, capacity 11044K, committed 11264K, reserved 1058816K
  class space    used 939K, capacity 976K, committed 1024K, reserved 1048576K
}
Event: 1.837 GC heap after
{Heap after GC invocations=8 (full 0):
 garbage-first heap   total 296960K, used 60416K [0x0000000740000000, 0x0000000800000000)
  region size 2048K, 3 young (6144K), 3 survivors (6144K)
 Metaspace       used 10847K, capacity 11044K, committed 11264K, reserved 1058816K
  class space    used 939K, capacity 976K, committed 1024K, reserved 1048576K
}
Event: 1.970 GC heap before
{Heap before GC invocations=8 (full 0):
 garbage-first heap   total 296960K, used 101376K [0x0000000740000000, 0x0000000800000000)
  region size 2048K, 23 young (47104K), 3 survivors (6144K)
 Metaspace       used 10854K, capacity 11044K, committed 11264K, reserved 1058816K
  class space    used 940K, capacity 976K, committed 1024K, reserved 1048576K
}

